[2m2021-11-26 01:56:45.978[0;39m [32m INFO[0;39m [35m110856[0;39m [2m---[0;39m [2m[  restartedMain][0;39m [36mo.s.b.w.embedded.tomcat.TomcatWebServer [0;39m [2m:[0;39m Tomcat initialized with port(s): 9999 (http)
[2m2021-11-26 01:56:46.014[0;39m [32m INFO[0;39m [35m110856[0;39m [2m---[0;39m [2m[  restartedMain][0;39m [36mw.s.c.ServletWebServerApplicationContext[0;39m [2m:[0;39m Root WebApplicationContext: initialization completed in 1259 ms
[2m2021-11-26 01:56:46.394[0;39m [33m WARN[0;39m [35m110856[0;39m [2m---[0;39m [2m[  restartedMain][0;39m [36mo.s.b.d.a.OptionalLiveReloadServer      [0;39m [2m:[0;39m Unable to start LiveReload server
[2m2021-11-26 01:56:46.496[0;39m [32m INFO[0;39m [35m110856[0;39m [2m---[0;39m [2m[  restartedMain][0;39m [36mo.s.b.w.embedded.tomcat.TomcatWebServer [0;39m [2m:[0;39m Tomcat started on port(s): 9999 (http) with context path '/vue'
[2m2021-11-26 01:56:46.638[0;39m [32m INFO[0;39m [35m110856[0;39m [2m---[0;39m [2m[  restartedMain][0;39m [36m.ConditionEvaluationDeltaLoggingListener[0;39m [2m:[0;39m Condition evaluation unchanged
[2m2021-11-26 01:57:12.038[0;39m [32m INFO[0;39m [35m110856[0;39m [2m---[0;39m [2m[  restartedMain][0;39m [36mo.s.b.w.embedded.tomcat.TomcatWebServer [0;39m [2m:[0;39m Tomcat initialized with port(s): 9999 (http)
[2m2021-11-26 01:57:12.060[0;39m [32m INFO[0;39m [35m110856[0;39m [2m---[0;39m [2m[  restartedMain][0;39m [36mw.s.c.ServletWebServerApplicationContext[0;39m [2m:[0;39m Root WebApplicationContext: initialization completed in 789 ms
[2m2021-11-26 01:57:12.359[0;39m [33m WARN[0;39m [35m110856[0;39m [2m---[0;39m [2m[  restartedMain][0;39m [36mo.s.b.d.a.OptionalLiveReloadServer      [0;39m [2m:[0;39m Unable to start LiveReload server
[2m2021-11-26 01:57:12.480[0;39m [32m INFO[0;39m [35m110856[0;39m [2m---[0;39m [2m[  restartedMain][0;39m [36mo.s.b.w.embedded.tomcat.TomcatWebServer [0;39m [2m:[0;39m Tomcat started on port(s): 9999 (http) with context path '/vue'
[2m2021-11-26 01:57:12.616[0;39m [32m INFO[0;39m [35m110856[0;39m [2m---[0;39m [2m[  restartedMain][0;39m [36m.ConditionEvaluationDeltaLoggingListener[0;39m [2m:[0;39m Condition evaluation unchanged
[2m2021-11-26 09:16:43.585[0;39m [32m INFO[0;39m [35m110856[0;39m [2m---[0;39m [2m[nio-9999-exec-1][0;39m [36mo.s.web.servlet.DispatcherServlet       [0;39m [2m:[0;39m Initializing Servlet 'dispatcherServlet'
[2m2021-11-26 09:16:43.670[0;39m [32m INFO[0;39m [35m110856[0;39m [2m---[0;39m [2m[nio-9999-exec-1][0;39m [36mo.s.web.servlet.DispatcherServlet       [0;39m [2m:[0;39m Completed initialization in 67 ms
[2m2021-11-26 09:18:11.721[0;39m [32m INFO[0;39m [35m110856[0;39m [2m---[0;39m [2m[nio-9999-exec-9][0;39m [36mc.s.vue.controller.HouseMapController   [0;39m [2m:[0;39m sido - 호출
[2m2021-11-26 09:18:13.398[0;39m [32m INFO[0;39m [35m110856[0;39m [2m---[0;39m [2m[io-9999-exec-10][0;39m [36mc.s.vue.controller.HouseMapController   [0;39m [2m:[0;39m gugun - 호출
[2m2021-11-26 09:18:21.331[0;39m [32m INFO[0;39m [35m110856[0;39m [2m---[0;39m [2m[nio-9999-exec-2][0;39m [36mc.s.vue.controller.HouseMapController   [0;39m [2m:[0;39m gugun - 호출
[2m2021-11-26 09:18:32.317[0;39m [32m INFO[0;39m [35m110856[0;39m [2m---[0;39m [2m[nio-9999-exec-4][0;39m [36mc.ssafy.vue.controller.BoardController  [0;39m [2m:[0;39m listArticle - 호출
[2m2021-11-26 09:20:13.579[0;39m [32m INFO[0;39m [35m110856[0;39m [2m---[0;39m [2m[nio-9999-exec-6][0;39m [36mc.ssafy.vue.controller.BoardController  [0;39m [2m:[0;39m listArticle - 호출
[2m2021-11-26 09:20:19.748[0;39m [32mDEBUG[0;39m [35m110856[0;39m [2m---[0;39m [2m[nio-9999-exec-9][0;39m [36mc.ssafy.vue.controller.MemberController [0;39m [2m:[0;39m 로그인 토큰정보 : eyJ0eXAiOiJKV1QiLCJyZWdEYXRlIjoxNjM3ODg2MDE5NzQ2LCJhbGciOiJIUzI1NiJ9.eyJleHAiOjE2Mzc4ODk2MTksInN1YiI6ImFjY2Vzcy10b2tlbiIsInVzZXJpZCI6ImVlIn0.V5egvmYDWQsfO9_ZTS5x3XmKZzxVzEHlmCm6Gf55ZhQ
[2m2021-11-26 09:20:19.785[0;39m [32m INFO[0;39m [35m110856[0;39m [2m---[0;39m [2m[nio-9999-exec-1][0;39m [36mc.ssafy.vue.controller.MemberController [0;39m [2m:[0;39m 사용 가능한 토큰!!!
[2m2021-11-26 09:20:21.004[0;39m [32m INFO[0;39m [35m110856[0;39m [2m---[0;39m [2m[nio-9999-exec-2][0;39m [36mc.ssafy.vue.controller.BoardController  [0;39m [2m:[0;39m listArticle - 호출
[2m2021-11-26 09:20:21.964[0;39m [32m INFO[0;39m [35m110856[0;39m [2m---[0;39m [2m[nio-9999-exec-3][0;39m [36mc.ssafy.vue.controller.BoardController  [0;39m [2m:[0;39m getArticle - 호출 : 12
[2m2021-11-26 09:20:21.967[0;39m [32m INFO[0;39m [35m110856[0;39m [2m---[0;39m [2m[nio-9999-exec-4][0;39m [36mc.ssafy.vue.controller.BoardController  [0;39m [2m:[0;39m getMemoList - 호출 : 12
[2m2021-11-26 09:21:16.698[0;39m [32m INFO[0;39m [35m110856[0;39m [2m---[0;39m [2m[nio-9999-exec-7][0;39m [36mc.ssafy.vue.controller.BoardController  [0;39m [2m:[0;39m listArticle - 호출
[2m2021-11-26 09:21:18.136[0;39m [32m INFO[0;39m [35m110856[0;39m [2m---[0;39m [2m[nio-9999-exec-9][0;39m [36mc.ssafy.vue.controller.BoardController  [0;39m [2m:[0;39m getMemoList - 호출 : 7
[2m2021-11-26 09:21:18.138[0;39m [32m INFO[0;39m [35m110856[0;39m [2m---[0;39m [2m[nio-9999-exec-8][0;39m [36mc.ssafy.vue.controller.BoardController  [0;39m [2m:[0;39m getArticle - 호출 : 7
[2m2021-11-26 09:21:33.858[0;39m [32m INFO[0;39m [35m110856[0;39m [2m---[0;39m [2m[nio-9999-exec-2][0;39m [36mc.ssafy.vue.controller.BoardController  [0;39m [2m:[0;39m listArticle - 호출
[2m2021-11-26 09:21:34.968[0;39m [32m INFO[0;39m [35m110856[0;39m [2m---[0;39m [2m[nio-9999-exec-4][0;39m [36mc.ssafy.vue.controller.BoardController  [0;39m [2m:[0;39m getArticle - 호출 : 12
[2m2021-11-26 09:21:34.970[0;39m [32m INFO[0;39m [35m110856[0;39m [2m---[0;39m [2m[nio-9999-exec-3][0;39m [36mc.ssafy.vue.controller.BoardController  [0;39m [2m:[0;39m getMemoList - 호출 : 12
[2m2021-11-26 09:21:37.051[0;39m [32m INFO[0;39m [35m110856[0;39m [2m---[0;39m [2m[nio-9999-exec-9][0;39m [36mc.ssafy.vue.controller.BoardController  [0;39m [2m:[0;39m deleteMemo - 호출
[2m2021-11-26 09:21:39.586[0;39m [32m INFO[0;39m [35m110856[0;39m [2m---[0;39m [2m[nio-9999-exec-8][0;39m [36mc.ssafy.vue.controller.BoardController  [0;39m [2m:[0;39m getArticle - 호출 : 12
[2m2021-11-26 09:21:39.587[0;39m [32m INFO[0;39m [35m110856[0;39m [2m---[0;39m [2m[io-9999-exec-10][0;39m [36mc.ssafy.vue.controller.BoardController  [0;39m [2m:[0;39m getMemoList - 호출 : 12
[2m2021-11-26 09:21:52.062[0;39m [32m INFO[0;39m [35m110856[0;39m [2m---[0;39m [2m[nio-9999-exec-3][0;39m [36mc.ssafy.vue.controller.BoardController  [0;39m [2m:[0;39m writeMemo - 호출
[2m2021-11-26 09:21:53.561[0;39m [32m INFO[0;39m [35m110856[0;39m [2m---[0;39m [2m[nio-9999-exec-5][0;39m [36mc.ssafy.vue.controller.BoardController  [0;39m [2m:[0;39m getArticle - 호출 : 12
[2m2021-11-26 09:21:53.561[0;39m [32m INFO[0;39m [35m110856[0;39m [2m---[0;39m [2m[nio-9999-exec-6][0;39m [36mc.ssafy.vue.controller.BoardController  [0;39m [2m:[0;39m getMemoList - 호출 : 12
[2m2021-11-26 09:21:55.187[0;39m [32m INFO[0;39m [35m110856[0;39m [2m---[0;39m [2m[nio-9999-exec-9][0;39m [36mc.ssafy.vue.controller.BoardController  [0;39m [2m:[0;39m addRecommend - 호출
[2m2021-11-26 09:21:56.682[0;39m [32m INFO[0;39m [35m110856[0;39m [2m---[0;39m [2m[nio-9999-exec-1][0;39m [36mc.ssafy.vue.controller.BoardController  [0;39m [2m:[0;39m getArticle - 호출 : 12
[2m2021-11-26 09:21:56.682[0;39m [32m INFO[0;39m [35m110856[0;39m [2m---[0;39m [2m[nio-9999-exec-2][0;39m [36mc.ssafy.vue.controller.BoardController  [0;39m [2m:[0;39m getMemoList - 호출 : 12
[2m2021-11-26 09:21:57.348[0;39m [32m INFO[0;39m [35m110856[0;39m [2m---[0;39m [2m[nio-9999-exec-4][0;39m [36mc.ssafy.vue.controller.BoardController  [0;39m [2m:[0;39m addRecommend - 호출
[2m2021-11-26 09:21:58.589[0;39m [32m INFO[0;39m [35m110856[0;39m [2m---[0;39m [2m[nio-9999-exec-3][0;39m [36mc.ssafy.vue.controller.BoardController  [0;39m [2m:[0;39m getArticle - 호출 : 12
[2m2021-11-26 09:21:58.589[0;39m [32m INFO[0;39m [35m110856[0;39m [2m---[0;39m [2m[nio-9999-exec-6][0;39m [36mc.ssafy.vue.controller.BoardController  [0;39m [2m:[0;39m getMemoList - 호출 : 12
[2m2021-11-26 09:21:59.036[0;39m [32m INFO[0;39m [35m110856[0;39m [2m---[0;39m [2m[nio-9999-exec-5][0;39m [36mc.ssafy.vue.controller.BoardController  [0;39m [2m:[0;39m addRecommend - 호출
[2m2021-11-26 09:22:00.104[0;39m [32m INFO[0;39m [35m110856[0;39m [2m---[0;39m [2m[nio-9999-exec-7][0;39m [36mc.ssafy.vue.controller.BoardController  [0;39m [2m:[0;39m getArticle - 호출 : 12
[2m2021-11-26 09:22:00.105[0;39m [32m INFO[0;39m [35m110856[0;39m [2m---[0;39m [2m[nio-9999-exec-9][0;39m [36mc.ssafy.vue.controller.BoardController  [0;39m [2m:[0;39m getMemoList - 호출 : 12
[2m2021-11-26 09:22:00.650[0;39m [32m INFO[0;39m [35m110856[0;39m [2m---[0;39m [2m[nio-9999-exec-8][0;39m [36mc.ssafy.vue.controller.BoardController  [0;39m [2m:[0;39m addRecommend - 호출
[2m2021-11-26 09:22:02.113[0;39m [32m INFO[0;39m [35m110856[0;39m [2m---[0;39m [2m[nio-9999-exec-4][0;39m [36mc.ssafy.vue.controller.BoardController  [0;39m [2m:[0;39m getMemoList - 호출 : 12
[2m2021-11-26 09:22:02.113[0;39m [32m INFO[0;39m [35m110856[0;39m [2m---[0;39m [2m[nio-9999-exec-1][0;39m [36mc.ssafy.vue.controller.BoardController  [0;39m [2m:[0;39m getArticle - 호출 : 12
[2m2021-11-26 09:22:04.345[0;39m [32m INFO[0;39m [35m110856[0;39m [2m---[0;39m [2m[nio-9999-exec-6][0;39m [36mc.ssafy.vue.controller.BoardController  [0;39m [2m:[0;39m addRecommend - 호출
[2m2021-11-26 09:22:06.771[0;39m [32m INFO[0;39m [35m110856[0;39m [2m---[0;39m [2m[nio-9999-exec-7][0;39m [36mc.ssafy.vue.controller.BoardController  [0;39m [2m:[0;39m getMemoList - 호출 : 12
[2m2021-11-26 09:22:06.771[0;39m [32m INFO[0;39m [35m110856[0;39m [2m---[0;39m [2m[nio-9999-exec-9][0;39m [36mc.ssafy.vue.controller.BoardController  [0;39m [2m:[0;39m getArticle - 호출 : 12
[2m2021-11-26 09:22:08.286[0;39m [32m INFO[0;39m [35m110856[0;39m [2m---[0;39m [2m[nio-9999-exec-8][0;39m [36mc.ssafy.vue.controller.BoardController  [0;39m [2m:[0;39m addRecommend - 호출
[2m2021-11-26 09:22:09.609[0;39m [32m INFO[0;39m [35m110856[0;39m [2m---[0;39m [2m[io-9999-exec-10][0;39m [36mc.ssafy.vue.controller.BoardController  [0;39m [2m:[0;39m getMemoList - 호출 : 12
[2m2021-11-26 09:22:09.609[0;39m [32m INFO[0;39m [35m110856[0;39m [2m---[0;39m [2m[nio-9999-exec-2][0;39m [36mc.ssafy.vue.controller.BoardController  [0;39m [2m:[0;39m getArticle - 호출 : 12
[2m2021-11-26 09:22:10.249[0;39m [32m INFO[0;39m [35m110856[0;39m [2m---[0;39m [2m[nio-9999-exec-4][0;39m [36mc.ssafy.vue.controller.BoardController  [0;39m [2m:[0;39m addRecommend - 호출
[2m2021-11-26 09:22:11.876[0;39m [32m INFO[0;39m [35m110856[0;39m [2m---[0;39m [2m[nio-9999-exec-5][0;39m [36mc.ssafy.vue.controller.BoardController  [0;39m [2m:[0;39m getMemoList - 호출 : 12
[2m2021-11-26 09:22:11.876[0;39m [32m INFO[0;39m [35m110856[0;39m [2m---[0;39m [2m[nio-9999-exec-3][0;39m [36mc.ssafy.vue.controller.BoardController  [0;39m [2m:[0;39m getArticle - 호출 : 12
[2m2021-11-26 10:15:26.170[0;39m [32m INFO[0;39m [35m110856[0;39m [2m---[0;39m [2m[nio-9999-exec-3][0;39m [36mc.ssafy.vue.controller.MemberController [0;39m [2m:[0;39m checkId - ID: ㅛ
[2m2021-11-26 10:15:26.833[0;39m [33m WARN[0;39m [35m110856[0;39m [2m---[0;39m [2m[nio-9999-exec-9][0;39m [36m.w.s.m.s.DefaultHandlerExceptionResolver[0;39m [2m:[0;39m Resolved [org.springframework.web.HttpRequestMethodNotSupportedException: Request method 'GET' not supported]
[2m2021-11-26 10:15:26.939[0;39m [33m WARN[0;39m [35m110856[0;39m [2m---[0;39m [2m[nio-9999-exec-8][0;39m [36m.w.s.m.s.DefaultHandlerExceptionResolver[0;39m [2m:[0;39m Resolved [org.springframework.web.HttpRequestMethodNotSupportedException: Request method 'GET' not supported]
[2m2021-11-26 10:15:27.327[0;39m [32m INFO[0;39m [35m110856[0;39m [2m---[0;39m [2m[io-9999-exec-10][0;39m [36mc.ssafy.vue.controller.MemberController [0;39m [2m:[0;39m checkId - ID: y
[2m2021-11-26 10:15:27.756[0;39m [32m INFO[0;39m [35m110856[0;39m [2m---[0;39m [2m[nio-9999-exec-2][0;39m [36mc.ssafy.vue.controller.MemberController [0;39m [2m:[0;39m checkId - ID: ys
[2m2021-11-26 10:15:27.965[0;39m [32m INFO[0;39m [35m110856[0;39m [2m---[0;39m [2m[nio-9999-exec-4][0;39m [36mc.ssafy.vue.controller.MemberController [0;39m [2m:[0;39m checkId - ID: ysy
[2m2021-11-26 10:15:29.705[0;39m [32m INFO[0;39m [35m110856[0;39m [2m---[0;39m [2m[nio-9999-exec-1][0;39m [36mc.ssafy.vue.controller.MemberController [0;39m [2m:[0;39m checkId - ID: ysy1
[2m2021-11-26 10:15:30.396[0;39m [32m INFO[0;39m [35m110856[0;39m [2m---[0;39m [2m[nio-9999-exec-6][0;39m [36mc.ssafy.vue.controller.MemberController [0;39m [2m:[0;39m checkId - ID: ysy11
[2m2021-11-26 10:15:30.925[0;39m [32m INFO[0;39m [35m110856[0;39m [2m---[0;39m [2m[nio-9999-exec-5][0;39m [36mc.ssafy.vue.controller.MemberController [0;39m [2m:[0;39m checkId - ID: ysy117
[2m2021-11-26 10:15:31.182[0;39m [32m INFO[0;39m [35m110856[0;39m [2m---[0;39m [2m[nio-9999-exec-3][0;39m [36mc.ssafy.vue.controller.MemberController [0;39m [2m:[0;39m checkId - ID: ysy1170
[2m2021-11-26 10:15:55.089[0;39m [32mDEBUG[0;39m [35m110856[0;39m [2m---[0;39m [2m[nio-9999-exec-6][0;39m [36mc.ssafy.vue.controller.MemberController [0;39m [2m:[0;39m 로그인 토큰정보 : eyJ0eXAiOiJKV1QiLCJyZWdEYXRlIjoxNjM3ODg5MzU1MDg3LCJhbGciOiJIUzI1NiJ9.eyJleHAiOjE2Mzc4OTI5NTUsInN1YiI6ImFjY2Vzcy10b2tlbiIsInVzZXJpZCI6InlzeTExNzAifQ.K4O2BtYUZPHqZdYUMHgLUIow7xla8GNJJcozbUzHHDM
[2m2021-11-26 10:15:55.175[0;39m [32m INFO[0;39m [35m110856[0;39m [2m---[0;39m [2m[nio-9999-exec-3][0;39m [36mc.ssafy.vue.controller.MemberController [0;39m [2m:[0;39m 사용 가능한 토큰!!!
[2m2021-11-26 10:18:39.256[0;39m [32m INFO[0;39m [35m110856[0;39m [2m---[0;39m [2m[nio-9999-exec-7][0;39m [36mc.s.vue.controller.HouseMapController   [0;39m [2m:[0;39m sido - 호출
[2m2021-11-26 10:18:43.323[0;39m [32m INFO[0;39m [35m110856[0;39m [2m---[0;39m [2m[io-9999-exec-10][0;39m [36mc.s.vue.controller.HouseMapController   [0;39m [2m:[0;39m gugun - 호출
[2m2021-11-26 10:18:56.933[0;39m [32m INFO[0;39m [35m110856[0;39m [2m---[0;39m [2m[nio-9999-exec-4][0;39m [36mc.ssafy.vue.controller.BoardController  [0;39m [2m:[0;39m listArticle - 호출
[2m2021-11-26 10:19:07.054[0;39m [32m INFO[0;39m [35m110856[0;39m [2m---[0;39m [2m[nio-9999-exec-6][0;39m [36mc.ssafy.vue.controller.BoardController  [0;39m [2m:[0;39m listArticle - 호출
[2m2021-11-26 10:19:16.596[0;39m [32mDEBUG[0;39m [35m110856[0;39m [2m---[0;39m [2m[nio-9999-exec-9][0;39m [36mc.ssafy.vue.controller.MemberController [0;39m [2m:[0;39m 로그인 토큰정보 : eyJ0eXAiOiJKV1QiLCJyZWdEYXRlIjoxNjM3ODg5NTU2NTk1LCJhbGciOiJIUzI1NiJ9.eyJleHAiOjE2Mzc4OTMxNTYsInN1YiI6ImFjY2Vzcy10b2tlbiIsInVzZXJpZCI6InlzeTExNzAifQ.qvQkgAbpitTOruvC-XR0JwmRvvNwI_Fan91SqTZhjKU
[2m2021-11-26 10:19:16.650[0;39m [32m INFO[0;39m [35m110856[0;39m [2m---[0;39m [2m[nio-9999-exec-7][0;39m [36mc.ssafy.vue.controller.MemberController [0;39m [2m:[0;39m 사용 가능한 토큰!!!
[2m2021-11-26 10:19:17.574[0;39m [32m INFO[0;39m [35m110856[0;39m [2m---[0;39m [2m[io-9999-exec-10][0;39m [36mc.ssafy.vue.controller.BoardController  [0;39m [2m:[0;39m listArticle - 호출
[2m2021-11-26 10:19:30.254[0;39m [32m INFO[0;39m [35m110856[0;39m [2m---[0;39m [2m[nio-9999-exec-1][0;39m [36mc.ssafy.vue.controller.BoardController  [0;39m [2m:[0;39m writeArticle - 호출
[2m2021-11-26 10:19:31.569[0;39m [32m INFO[0;39m [35m110856[0;39m [2m---[0;39m [2m[nio-9999-exec-6][0;39m [36mc.ssafy.vue.controller.BoardController  [0;39m [2m:[0;39m listArticle - 호출
[2m2021-11-26 10:19:34.681[0;39m [32m INFO[0;39m [35m110856[0;39m [2m---[0;39m [2m[nio-9999-exec-3][0;39m [36mc.ssafy.vue.controller.BoardController  [0;39m [2m:[0;39m getArticle - 호출 : 13
[2m2021-11-26 10:19:34.681[0;39m [32m INFO[0;39m [35m110856[0;39m [2m---[0;39m [2m[nio-9999-exec-9][0;39m [36mc.ssafy.vue.controller.BoardController  [0;39m [2m:[0;39m getMemoList - 호출 : 13
[2m2021-11-26 10:19:34.723[0;39m [31mERROR[0;39m [35m110856[0;39m [2m---[0;39m [2m[nio-9999-exec-9][0;39m [36mo.a.c.c.C.[.[.[.[dispatcherServlet]     [0;39m [2m:[0;39m Servlet.service() for servlet [dispatcherServlet] in context with path [/vue] threw exception [Request processing failed; nested exception is java.lang.IndexOutOfBoundsException: Index: 0, Size: 0] with root cause

java.lang.IndexOutOfBoundsException: Index: 0, Size: 0
	at java.util.ArrayList.rangeCheck(ArrayList.java:657)
	at java.util.ArrayList.get(ArrayList.java:433)
	at com.ssafy.vue.model.service.MemoServiceImpl.getMemoList(MemoServiceImpl.java:22)
	at com.ssafy.vue.controller.MemoController.getMemoList(MemoController.java:39)
	at sun.reflect.NativeMethodAccessorImpl.invoke0(Native Method)
	at sun.reflect.NativeMethodAccessorImpl.invoke(NativeMethodAccessorImpl.java:62)
	at sun.reflect.DelegatingMethodAccessorImpl.invoke(DelegatingMethodAccessorImpl.java:43)
	at java.lang.reflect.Method.invoke(Method.java:498)
	at org.springframework.web.method.support.InvocableHandlerMethod.doInvoke(InvocableHandlerMethod.java:205)
	at org.springframework.web.method.support.InvocableHandlerMethod.invokeForRequest(InvocableHandlerMethod.java:150)
	at org.springframework.web.servlet.mvc.method.annotation.ServletInvocableHandlerMethod.invokeAndHandle(ServletInvocableHandlerMethod.java:117)
	at org.springframework.web.servlet.mvc.method.annotation.RequestMappingHandlerAdapter.invokeHandlerMethod(RequestMappingHandlerAdapter.java:895)
	at org.springframework.web.servlet.mvc.method.annotation.RequestMappingHandlerAdapter.handleInternal(RequestMappingHandlerAdapter.java:808)
	at org.springframework.web.servlet.mvc.method.AbstractHandlerMethodAdapter.handle(AbstractHandlerMethodAdapter.java:87)
	at org.springframework.web.servlet.DispatcherServlet.doDispatch(DispatcherServlet.java:1067)
	at org.springframework.web.servlet.DispatcherServlet.doService(DispatcherServlet.java:963)
	at org.springframework.web.servlet.FrameworkServlet.processRequest(FrameworkServlet.java:1006)
	at org.springframework.web.servlet.FrameworkServlet.doGet(FrameworkServlet.java:898)
	at javax.servlet.http.HttpServlet.service(HttpServlet.java:655)
	at org.springframework.web.servlet.FrameworkServlet.service(FrameworkServlet.java:883)
	at javax.servlet.http.HttpServlet.service(HttpServlet.java:764)
	at org.apache.catalina.core.ApplicationFilterChain.internalDoFilter(ApplicationFilterChain.java:227)
	at org.apache.catalina.core.ApplicationFilterChain.doFilter(ApplicationFilterChain.java:162)
	at org.apache.tomcat.websocket.server.WsFilter.doFilter(WsFilter.java:53)
	at org.apache.catalina.core.ApplicationFilterChain.internalDoFilter(ApplicationFilterChain.java:189)
	at org.apache.catalina.core.ApplicationFilterChain.doFilter(ApplicationFilterChain.java:162)
	at org.springframework.web.filter.CharacterEncodingFilter.doFilterInternal(CharacterEncodingFilter.java:201)
	at org.springframework.web.filter.OncePerRequestFilter.doFilter(OncePerRequestFilter.java:119)
	at org.apache.catalina.core.ApplicationFilterChain.internalDoFilter(ApplicationFilterChain.java:189)
	at org.apache.catalina.core.ApplicationFilterChain.doFilter(ApplicationFilterChain.java:162)
	at org.apache.catalina.core.StandardWrapperValve.invoke(StandardWrapperValve.java:197)
	at org.apache.catalina.core.StandardContextValve.invoke(StandardContextValve.java:97)
	at org.apache.catalina.authenticator.AuthenticatorBase.invoke(AuthenticatorBase.java:540)
	at org.apache.catalina.core.StandardHostValve.invoke(StandardHostValve.java:135)
	at org.apache.catalina.valves.ErrorReportValve.invoke(ErrorReportValve.java:92)
	at org.apache.catalina.core.StandardEngineValve.invoke(StandardEngineValve.java:78)
	at org.apache.catalina.connector.CoyoteAdapter.service(CoyoteAdapter.java:357)
	at org.apache.coyote.http11.Http11Processor.service(Http11Processor.java:382)
	at org.apache.coyote.AbstractProcessorLight.process(AbstractProcessorLight.java:65)
	at org.apache.coyote.AbstractProtocol$ConnectionHandler.process(AbstractProtocol.java:895)
	at org.apache.tomcat.util.net.NioEndpoint$SocketProcessor.doRun(NioEndpoint.java:1722)
	at org.apache.tomcat.util.net.SocketProcessorBase.run(SocketProcessorBase.java:49)
	at org.apache.tomcat.util.threads.ThreadPoolExecutor.runWorker(ThreadPoolExecutor.java:1191)
	at org.apache.tomcat.util.threads.ThreadPoolExecutor$Worker.run(ThreadPoolExecutor.java:659)
	at org.apache.tomcat.util.threads.TaskThread$WrappingRunnable.run(TaskThread.java:61)
	at java.lang.Thread.run(Thread.java:748)

[2m2021-11-26 10:19:42.769[0;39m [32m INFO[0;39m [35m110856[0;39m [2m---[0;39m [2m[nio-9999-exec-8][0;39m [36mc.ssafy.vue.controller.BoardController  [0;39m [2m:[0;39m listArticle - 호출
[2m2021-11-26 10:19:43.524[0;39m [32m INFO[0;39m [35m110856[0;39m [2m---[0;39m [2m[io-9999-exec-10][0;39m [36mc.ssafy.vue.controller.BoardController  [0;39m [2m:[0;39m getArticle - 호출 : 12
[2m2021-11-26 10:19:43.531[0;39m [32m INFO[0;39m [35m110856[0;39m [2m---[0;39m [2m[nio-9999-exec-2][0;39m [36mc.ssafy.vue.controller.BoardController  [0;39m [2m:[0;39m getMemoList - 호출 : 12
[2m2021-11-26 10:19:57.815[0;39m [32m INFO[0;39m [35m110856[0;39m [2m---[0;39m [2m[nio-9999-exec-5][0;39m [36mc.ssafy.vue.controller.BoardController  [0;39m [2m:[0;39m deleteMemo - 호출
[2m2021-11-26 10:20:01.206[0;39m [32m INFO[0;39m [35m110856[0;39m [2m---[0;39m [2m[nio-9999-exec-3][0;39m [36mc.ssafy.vue.controller.BoardController  [0;39m [2m:[0;39m getArticle - 호출 : 12
[2m2021-11-26 10:20:01.209[0;39m [32m INFO[0;39m [35m110856[0;39m [2m---[0;39m [2m[nio-9999-exec-9][0;39m [36mc.ssafy.vue.controller.BoardController  [0;39m [2m:[0;39m getMemoList - 호출 : 12
[2m2021-11-26 10:20:02.665[0;39m [32m INFO[0;39m [35m110856[0;39m [2m---[0;39m [2m[nio-9999-exec-2][0;39m [36mc.ssafy.vue.controller.BoardController  [0;39m [2m:[0;39m deleteMemo - 호출
[2m2021-11-26 10:20:05.354[0;39m [32m INFO[0;39m [35m110856[0;39m [2m---[0;39m [2m[nio-9999-exec-4][0;39m [36mc.ssafy.vue.controller.BoardController  [0;39m [2m:[0;39m getArticle - 호출 : 12
[2m2021-11-26 10:20:05.354[0;39m [32m INFO[0;39m [35m110856[0;39m [2m---[0;39m [2m[nio-9999-exec-1][0;39m [36mc.ssafy.vue.controller.BoardController  [0;39m [2m:[0;39m getMemoList - 호출 : 12
[2m2021-11-26 10:20:10.065[0;39m [32m INFO[0;39m [35m110856[0;39m [2m---[0;39m [2m[nio-9999-exec-9][0;39m [36mc.ssafy.vue.controller.BoardController  [0;39m [2m:[0;39m listArticle - 호출
[2m2021-11-26 12:46:42.007[0;39m [32m INFO[0;39m [35m110856[0;39m [2m---[0;39m [2m[1914)-127.0.0.1][0;39m [36minMXBeanRegistrar$SpringApplicationAdmin[0;39m [2m:[0;39m Application shutdown requested.
