[2m2021-12-24 16:32:06.212[0;39m [32m INFO[0;39m [35m4236[0;39m [2m---[0;39m [2m[  restartedMain][0;39m [36m.e.DevToolsPropertyDefaultsPostProcessor[0;39m [2m:[0;39m Devtools property defaults active! Set 'spring.devtools.add-properties' to 'false' to disable
[2m2021-12-24 16:32:06.221[0;39m [32m INFO[0;39m [35m4236[0;39m [2m---[0;39m [2m[  restartedMain][0;39m [36m.e.DevToolsPropertyDefaultsPostProcessor[0;39m [2m:[0;39m For additional web related logging consider setting the 'logging.level.web' property to 'DEBUG'
[2m2021-12-24 16:32:09.183[0;39m [32m INFO[0;39m [35m4236[0;39m [2m---[0;39m [2m[  restartedMain][0;39m [36mo.s.b.w.embedded.tomcat.TomcatWebServer [0;39m [2m:[0;39m Tomcat initialized with port(s): 9999 (http)
[2m2021-12-24 16:32:09.347[0;39m [32m INFO[0;39m [35m4236[0;39m [2m---[0;39m [2m[  restartedMain][0;39m [36mw.s.c.ServletWebServerApplicationContext[0;39m [2m:[0;39m Root WebApplicationContext: initialization completed in 3125 ms
[2m2021-12-24 16:32:10.934[0;39m [32m INFO[0;39m [35m4236[0;39m [2m---[0;39m [2m[  restartedMain][0;39m [36mo.s.b.d.a.OptionalLiveReloadServer      [0;39m [2m:[0;39m LiveReload server is running on port 35729
[2m2021-12-24 16:32:11.512[0;39m [32m INFO[0;39m [35m4236[0;39m [2m---[0;39m [2m[  restartedMain][0;39m [36mo.s.b.w.embedded.tomcat.TomcatWebServer [0;39m [2m:[0;39m Tomcat started on port(s): 9999 (http) with context path '/vue'
[2m2021-12-24 16:40:51.368[0;39m [32m INFO[0;39m [35m4236[0;39m [2m---[0;39m [2m[nio-9999-exec-1][0;39m [36mo.s.web.servlet.DispatcherServlet       [0;39m [2m:[0;39m Initializing Servlet 'dispatcherServlet'
[2m2021-12-24 16:40:51.377[0;39m [32m INFO[0;39m [35m4236[0;39m [2m---[0;39m [2m[nio-9999-exec-1][0;39m [36mo.s.web.servlet.DispatcherServlet       [0;39m [2m:[0;39m Completed initialization in 7 ms
[2m2021-12-24 16:40:51.458[0;39m [32m INFO[0;39m [35m4236[0;39m [2m---[0;39m [2m[nio-9999-exec-1][0;39m [36mc.ssafy.vue.controller.MemberController [0;39m [2m:[0;39m checkId - ID: ㅇ
[2m2021-12-24 16:40:52.515[0;39m [33m WARN[0;39m [35m4236[0;39m [2m---[0;39m [2m[nio-9999-exec-2][0;39m [36m.w.s.m.s.DefaultHandlerExceptionResolver[0;39m [2m:[0;39m Resolved [org.springframework.web.HttpRequestMethodNotSupportedException: Request method 'GET' not supported]
[2m2021-12-24 16:40:52.559[0;39m [33m WARN[0;39m [35m4236[0;39m [2m---[0;39m [2m[nio-9999-exec-3][0;39m [36m.w.s.m.s.DefaultHandlerExceptionResolver[0;39m [2m:[0;39m Resolved [org.springframework.web.HttpRequestMethodNotSupportedException: Request method 'GET' not supported]
[2m2021-12-24 16:40:53.255[0;39m [32m INFO[0;39m [35m4236[0;39m [2m---[0;39m [2m[nio-9999-exec-4][0;39m [36mc.ssafy.vue.controller.MemberController [0;39m [2m:[0;39m checkId - ID: d
[2m2021-12-24 16:40:55.039[0;39m [32m INFO[0;39m [35m4236[0;39m [2m---[0;39m [2m[nio-9999-exec-5][0;39m [36mc.ssafy.vue.controller.MemberController [0;39m [2m:[0;39m checkId - ID: dt
[2m2021-12-24 16:40:55.176[0;39m [32m INFO[0;39m [35m4236[0;39m [2m---[0;39m [2m[nio-9999-exec-6][0;39m [36mc.ssafy.vue.controller.MemberController [0;39m [2m:[0;39m checkId - ID: dtd
[2m2021-12-24 16:41:22.868[0;39m [32m INFO[0;39m [35m4236[0;39m [2m---[0;39m [2m[nio-9999-exec-9][0;39m [36mc.ssafy.vue.controller.MemberController [0;39m [2m:[0;39m checkId - ID: dtd1
[2m2021-12-24 16:41:23.036[0;39m [32m INFO[0;39m [35m4236[0;39m [2m---[0;39m [2m[io-9999-exec-10][0;39m [36mc.ssafy.vue.controller.MemberController [0;39m [2m:[0;39m checkId - ID: dtd11
[2m2021-12-24 16:41:23.455[0;39m [32m INFO[0;39m [35m4236[0;39m [2m---[0;39m [2m[nio-9999-exec-1][0;39m [36mc.ssafy.vue.controller.MemberController [0;39m [2m:[0;39m checkId - ID: dtd117
[2m2021-12-24 16:41:23.776[0;39m [32m INFO[0;39m [35m4236[0;39m [2m---[0;39m [2m[nio-9999-exec-2][0;39m [36mc.ssafy.vue.controller.MemberController [0;39m [2m:[0;39m checkId - ID: dtd1170
[2m2021-12-24 16:43:29.432[0;39m [32m INFO[0;39m [35m4236[0;39m [2m---[0;39m [2m[nio-9999-exec-4][0;39m [36mc.ssafy.vue.controller.MemberController [0;39m [2m:[0;39m checkId - ID: dtd117
[2m2021-12-24 16:43:29.599[0;39m [32m INFO[0;39m [35m4236[0;39m [2m---[0;39m [2m[nio-9999-exec-5][0;39m [36mc.ssafy.vue.controller.MemberController [0;39m [2m:[0;39m checkId - ID: dtd11
[2m2021-12-24 16:43:30.447[0;39m [32m INFO[0;39m [35m4236[0;39m [2m---[0;39m [2m[nio-9999-exec-6][0;39m [36mc.ssafy.vue.controller.MemberController [0;39m [2m:[0;39m checkId - ID: dtd1
[2m2021-12-24 16:43:30.585[0;39m [32m INFO[0;39m [35m4236[0;39m [2m---[0;39m [2m[nio-9999-exec-7][0;39m [36mc.ssafy.vue.controller.MemberController [0;39m [2m:[0;39m checkId - ID: dtd
[2m2021-12-24 17:04:01.869[0;39m [32m INFO[0;39m [35m4236[0;39m [2m---[0;39m [2m[nio-9999-exec-2][0;39m [36mc.ssafy.vue.controller.MemberController [0;39m [2m:[0;39m checkId - ID: dtd1170
[2m2021-12-24 17:05:16.990[0;39m [32m INFO[0;39m [35m4236[0;39m [2m---[0;39m [2m[nio-9999-exec-4][0;39m [36mc.ssafy.vue.controller.MemberController [0;39m [2m:[0;39m checkId - ID: dtd11704
